<?xml version="1.0" encoding="UTF-8"?>
<!-- Generated by org.testng.reporters.JUnitReportReporter -->
<testsuite hostname="DESKTOP-4D5SP8K" failures="0" tests="13" name="TestScenarios.TestMethod" time="13.247" errors="1" timestamp="2022-07-13T21:21:50 IST" skipped="0">
  <testcase classname="TestScenarios.TestMethod" name="verifylogin" time="0.246"/>
  <system-out/>
  <testcase classname="TestScenarios.TestMethod" name="verifyAdduser" time="3.337"/>
  <system-out/>
  <testcase classname="TestScenarios.TestMethod" name="verifyUsermanage" time="0.195"/>
  <system-out/>
  <testcase classname="TestScenarios.TestMethod" name="verifyAddusers" time="1.256"/>
  <system-out/>
  <testcase classname="TestScenarios.TestMethod" name="verifyClickuser" time="0.083"/>
  <system-out/>
  <testcase classname="TestScenarios.TestMethod" name="verifyuserdetails" time="0.625"/>
  <system-out/>
  <testcase classname="TestScenarios.TestMethod" name="radio" time="0.063"/>
  <system-out/>
  <testcase classname="TestScenarios.TestMethod" name="verifyl" time="0.077"/>
  <system-out/>
  <testcase classname="TestScenarios.TestMethod" name="verifygot" time="2.182"/>
  <system-out/>
  <testcase classname="TestScenarios.TestMethod" name="verifycontentdata" time="0.219"/>
  <system-out/>
  <testcase classname="TestScenarios.TestMethod" name="verifycontent" time="1.144">
    <error message="element click intercepted: Element &lt;a href=&quot;#content-management/course-list/&quot; class=&quot;menu_link fc8&quot; data-view=&quot;course-list&quot; data-role-access=&quot;&lt;admin&gt;&lt;author&gt;&quot;&gt;...&lt;/a&gt; is not clickable at point (22, 133). Other element would receive the click: &lt;a class=&quot;menu_tab active&quot; data-tab=&quot;user-management&quot; href=&quot;javascript:void(0)&quot; onclick=&quot;menu_open(&#039;user-management&#039;)&quot; title=&quot;User Management&quot; data-role-access=&quot;&lt;admin&gt;&quot;&gt;...&lt;/a&gt;
  (Session info: chrome=103.0.5060.114)
Build info: version: &#039;4.3.0&#039;, revision: &#039;a4995e2c09*&#039;
System info: host: &#039;DESKTOP-4D5SP8K&#039;, ip: &#039;192.168.163.183&#039;, os.name: &#039;Windows 10&#039;, os.arch: &#039;amd64&#039;, os.version: &#039;10.0&#039;, java.version: &#039;17.0.3&#039;
Driver info: org.openqa.selenium.chrome.ChromeDriver
Command: [c8f042bbc662296254efd6c759e48418, clickElement {id=70b88f7b-ec13-4f2c-9921-70ce263bb13a}]
Capabilities {acceptInsecureCerts: false, browserName: chrome, browserVersion: 103.0.5060.114, chrome: {chromedriverVersion: 103.0.5060.53 (a1711811edd7..., userDataDir: C:\Users\Abarna\AppData\Loc...}, goog:chromeOptions: {debuggerAddress: localhost:63393}, networkConnectionEnabled: false, pageLoadStrategy: normal, platformName: WINDOWS, proxy: Proxy(), se:cdp: ws://localhost:63393/devtoo..., se:cdpVersion: 103.0.5060.114, setWindowRect: true, strictFileInteractability: false, timeouts: {implicit: 0, pageLoad: 300000, script: 30000}, unhandledPromptBehavior: dismiss and notify, webauthn:extension:credBlob: true, webauthn:extension:largeBlob: true, webauthn:virtualAuthenticators: true}
Element: [[ChromeDriver: chrome on WINDOWS (c8f042bbc662296254efd6c759e48418)] -&gt; xpath: /html/body/div[4]/div[1]/div[3]/a[1]]
Session ID: c8f042bbc662296254efd6c759e48418" type="org.openqa.selenium.ElementClickInterceptedException">
      <![CDATA[org.openqa.selenium.ElementClickInterceptedException: element click intercepted: Element <a href="#content-management/course-list/" class="menu_link fc8" data-view="course-list" data-role-access="<admin><author>">...</a> is not clickable at point (22, 133). Other element would receive the click: <a class="menu_tab active" data-tab="user-management" href="javascript:void(0)" onclick="menu_open('user-management')" title="User Management" data-role-access="<admin>">...</a>
  (Session info: chrome=103.0.5060.114)
Build info: version: '4.3.0', revision: 'a4995e2c09*'
System info: host: 'DESKTOP-4D5SP8K', ip: '192.168.163.183', os.name: 'Windows 10', os.arch: 'amd64', os.version: '10.0', java.version: '17.0.3'
Driver info: org.openqa.selenium.chrome.ChromeDriver
Command: [c8f042bbc662296254efd6c759e48418, clickElement {id=70b88f7b-ec13-4f2c-9921-70ce263bb13a}]
Capabilities {acceptInsecureCerts: false, browserName: chrome, browserVersion: 103.0.5060.114, chrome: {chromedriverVersion: 103.0.5060.53 (a1711811edd7..., userDataDir: C:\Users\Abarna\AppData\Loc...}, goog:chromeOptions: {debuggerAddress: localhost:63393}, networkConnectionEnabled: false, pageLoadStrategy: normal, platformName: WINDOWS, proxy: Proxy(), se:cdp: ws://localhost:63393/devtoo..., se:cdpVersion: 103.0.5060.114, setWindowRect: true, strictFileInteractability: false, timeouts: {implicit: 0, pageLoad: 300000, script: 30000}, unhandledPromptBehavior: dismiss and notify, webauthn:extension:credBlob: true, webauthn:extension:largeBlob: true, webauthn:virtualAuthenticators: true}
Element: [[ChromeDriver: chrome on WINDOWS (c8f042bbc662296254efd6c759e48418)] -> xpath: /html/body/div[4]/div[1]/div[3]/a[1]]
Session ID: c8f042bbc662296254efd6c759e48418
at java.base/jdk.internal.reflect.NativeConstructorAccessorImpl.newInstance0(Native Method)
at java.base/jdk.internal.reflect.NativeConstructorAccessorImpl.newInstance(NativeConstructorAccessorImpl.java:77)
at java.base/jdk.internal.reflect.DelegatingConstructorAccessorImpl.newInstance(DelegatingConstructorAccessorImpl.java:45)
at java.base/java.lang.reflect.Constructor.newInstanceWithCaller(Constructor.java:499)
at java.base/java.lang.reflect.Constructor.newInstance(Constructor.java:480)
at org.openqa.selenium.remote.codec.w3c.W3CHttpResponseCodec.createException(W3CHttpResponseCodec.java:200)
at org.openqa.selenium.remote.codec.w3c.W3CHttpResponseCodec.decode(W3CHttpResponseCodec.java:133)
at org.openqa.selenium.remote.codec.w3c.W3CHttpResponseCodec.decode(W3CHttpResponseCodec.java:53)
at org.openqa.selenium.remote.HttpCommandExecutor.execute(HttpCommandExecutor.java:184)
at org.openqa.selenium.remote.service.DriverCommandExecutor.invokeExecute(DriverCommandExecutor.java:167)
at org.openqa.selenium.remote.service.DriverCommandExecutor.execute(DriverCommandExecutor.java:142)
at org.openqa.selenium.remote.RemoteWebDriver.execute(RemoteWebDriver.java:569)
at org.openqa.selenium.remote.RemoteWebElement.execute(RemoteWebElement.java:257)
at org.openqa.selenium.remote.RemoteWebElement.click(RemoteWebElement.java:78)
at Objects.CreateContent.content(CreateContent.java:21)
at TestScenarios.TestMethod.verifycontent(TestMethod.java:93)
at java.base/jdk.internal.reflect.NativeMethodAccessorImpl.invoke0(Native Method)
at java.base/jdk.internal.reflect.NativeMethodAccessorImpl.invoke(NativeMethodAccessorImpl.java:77)
at java.base/jdk.internal.reflect.DelegatingMethodAccessorImpl.invoke(DelegatingMethodAccessorImpl.java:43)
at java.base/java.lang.reflect.Method.invoke(Method.java:568)
at org.testng.internal.invokers.MethodInvocationHelper.invokeMethod(MethodInvocationHelper.java:139)
at org.testng.internal.invokers.TestInvoker.invokeMethod(TestInvoker.java:677)
at org.testng.internal.invokers.TestInvoker.invokeTestMethod(TestInvoker.java:221)
at org.testng.internal.invokers.MethodRunner.runInSequence(MethodRunner.java:50)
at org.testng.internal.invokers.TestInvoker$MethodInvocationAgent.invoke(TestInvoker.java:962)
at org.testng.internal.invokers.TestInvoker.invokeTestMethods(TestInvoker.java:194)
at org.testng.internal.invokers.TestMethodWorker.invokeTestMethods(TestMethodWorker.java:148)
at org.testng.internal.invokers.TestMethodWorker.run(TestMethodWorker.java:128)
at java.base/java.util.ArrayList.forEach(ArrayList.java:1511)
at org.testng.TestRunner.privateRun(TestRunner.java:806)
at org.testng.TestRunner.run(TestRunner.java:601)
at org.testng.SuiteRunner.runTest(SuiteRunner.java:433)
at org.testng.SuiteRunner.runSequentially(SuiteRunner.java:427)
at org.testng.SuiteRunner.privateRun(SuiteRunner.java:387)
at org.testng.SuiteRunner.run(SuiteRunner.java:330)
at org.testng.SuiteRunnerWorker.runSuite(SuiteRunnerWorker.java:52)
at org.testng.SuiteRunnerWorker.run(SuiteRunnerWorker.java:95)
at org.testng.TestNG.runSuitesSequentially(TestNG.java:1256)
at org.testng.TestNG.runSuitesLocally(TestNG.java:1176)
at org.testng.TestNG.runSuites(TestNG.java:1099)
at org.testng.TestNG.run(TestNG.java:1067)
at org.testng.remote.AbstractRemoteTestNG.run(AbstractRemoteTestNG.java:115)
at org.testng.remote.RemoteTestNG.initAndRun(RemoteTestNG.java:251)
at org.testng.remote.RemoteTestNG.main(RemoteTestNG.java:77)
]]>
    </error>
  </testcase> <!-- verifycontent -->
  <system-out/>
  <testcase classname="TestScenarios.TestMethod" name="verifycontent1" time="3.615"/>
  <system-out/>
  <testcase classname="TestScenarios.TestMethod" name="verifycontent2" time="0.205"/>
  <system-out/>
</testsuite> <!-- TestScenarios.TestMethod -->
